<?xml version="1.0" encoding="UTF-8"?>
<!-- Generated by org.testng.reporters.JUnitReportReporter -->
<testsuite skipped="0" hostname="PINENOIL10685" name="com.PromoZone.Promotion.MainTestPackage.CreatePromotionMainClass" tests="3" failures="0" timestamp="04 Mar 2019 09:32:45 GMT" time="24.101" errors="0">
  <testcase name="CreatePromotion" time="3.723" classname="com.PromoZone.Promotion.MainTestPackage.CreatePromotionMainClass"/>
  <testcase name="AddContent" time="18.983" classname="com.PromoZone.Promotion.MainTestPackage.CreatePromotionMainClass"/>
  <testcase name="DirectToCreatePromotionScreen" time="1.395" classname="com.PromoZone.Promotion.MainTestPackage.CreatePromotionMainClass"/>
</testsuite> <!-- com.PromoZone.Promotion.MainTestPackage.CreatePromotionMainClass -->
