<?xml version="1.0" encoding="UTF-8"?>
<!-- Generated by org.testng.reporters.JUnitReportReporter -->
<testsuite skipped="0" hostname="PINENOIL10685" name="com.PromoZone.Promotion.MainTestPackage.CreatePromotionMainClass2" tests="3" failures="0" timestamp="01 Mar 2019 05:38:48 GMT" time="21.054" errors="0">
  <testcase name="CreatePromotion" time="3.878" classname="com.PromoZone.Promotion.MainTestPackage.CreatePromotionMainClass2"/>
  <testcase name="AddContent" time="15.816" classname="com.PromoZone.Promotion.MainTestPackage.CreatePromotionMainClass2"/>
  <testcase name="DirectToCreatePromotionScreen" time="1.360" classname="com.PromoZone.Promotion.MainTestPackage.CreatePromotionMainClass2"/>
</testsuite> <!-- com.PromoZone.Promotion.MainTestPackage.CreatePromotionMainClass2 -->
