<?xml version="1.0" encoding="UTF-8"?>
<!-- Generated by org.testng.reporters.JUnitReportReporter -->
<testsuite skipped="0" hostname="PINENOIL10685" name="com.PromoZone.Campaign.MainTestPackage.CreateCampaignMainClass" tests="2" failures="0" timestamp="04 Mar 2019 09:32:45 GMT" time="14.309" errors="0">
  <testcase name="CreateCampign" time="12.919" classname="com.PromoZone.Campaign.MainTestPackage.CreateCampaignMainClass"/>
  <testcase name="DirectToCreateCampaignScreen" time="1.390" classname="com.PromoZone.Campaign.MainTestPackage.CreateCampaignMainClass"/>
</testsuite> <!-- com.PromoZone.Campaign.MainTestPackage.CreateCampaignMainClass -->
