<?xml version="1.0" encoding="UTF-8"?>
<!-- Generated by org.testng.reporters.JUnitReportReporter -->
<testsuite skipped="0" hostname="PINENOIL10685" name="com.PromoZone.Admin.MainTestPackage.LoginMainClass" tests="1" failures="0" timestamp="27 Feb 2019 05:34:31 GMT" time="0.009" errors="0">
  <testcase name="LoginDriver" time="0.009" classname="com.PromoZone.Admin.MainTestPackage.LoginMainClass"/>
</testsuite> <!-- com.PromoZone.Admin.MainTestPackage.LoginMainClass -->
