<?xml version="1.0" encoding="UTF-8"?>
<!-- Generated by org.testng.reporters.JUnitReportReporter -->
<testsuite skipped="0" hostname="PINENOIL10685" name="com.PromoZone.Admin.MainTestPackage.AppTest" tests="1" failures="0" timestamp="25 Feb 2019 05:32:59 GMT" time="0.012" errors="0">
  <testcase name="testApp" time="0.012" classname="com.PromoZone.Admin.MainTestPackage.AppTest"/>
</testsuite> <!-- com.PromoZone.Admin.MainTestPackage.AppTest -->
