<?xml version="1.0" encoding="UTF-8"?>
<!-- Generated by org.testng.reporters.JUnitReportReporter -->
<testsuite skipped="0" hostname="PINENOIL10685" name="com.PromoZone.Admin.MainTestPackage.CreatePromotionMainClass" tests="2" failures="0" timestamp="27 Feb 2019 08:20:57 GMT" time="5.077" errors="0">
  <testcase name="DirectToCreatePromotionScreen" time="1.730" classname="com.PromoZone.Admin.MainTestPackage.CreatePromotionMainClass"/>
  <testcase name="CreatePromotionScreen" time="3.347" classname="com.PromoZone.Admin.MainTestPackage.CreatePromotionMainClass"/>
</testsuite> <!-- com.PromoZone.Admin.MainTestPackage.CreatePromotionMainClass -->
